<?xml version="1.0" encoding="UTF-8"?>
<testsuite xmlns:xsi="http://www.w3.org/2001/XMLSchema-instance" xsi:noNamespaceSchemaLocation="https://maven.apache.org/surefire/maven-surefire-plugin/xsd/surefire-test-report.xsd" name="CreateUserTest" time="8.52" tests="5" errors="0" skipped="0" failures="0">
  <properties>
[...]
</properties>
  <testcase name="authorizationWithoutEmail" classname="CreateUserTest" time="0.296"/>
  <testcase name="authorizationWithoutPassword" classname="CreateUserTest" time="0.287"/>
  <testcase name="authorizationWithoutName" classname="CreateUserTest" time="1.715"/>
  <testcase name="errorUserCreationBecauseUserExist" classname="CreateUserTest" time="1.883"/>
  <testcase name="successfulUserCreation" classname="CreateUserTest" time="4.336"/>
</testsuite>